2023-02-15 13:09:21 [pool-3-thread-1] INFO  c.m.d.k.p.c.s.i.TwitterKafkaProducer - Sending message='{"userId": 7105993680010550516, "id": 7822022383903346976, "text": "dolor ipsum lectus malesuada porttitor Microservices sed elit Fusce malesuada", "createdAt": 1676415564000}' to topic='twitter-topic'
2023-02-15 20:14:29 [pool-3-thread-1] INFO  c.m.d.t.t.k.s.l.TwitterKafkaStatusListener - Received status text amet adipiscing consectetuer magna ultricies lectus massa malesuada Elasticsearch malesuada magna massa ultricies lectus lectus sending to kafka topic twitter-topic
2023-02-15 20:14:29 [pool-3-thread-1] INFO  c.m.d.k.p.c.s.i.TwitterKafkaProducer - Sending message='{"userId": 1045627067730969052, "id": 5032665518461213558, "text": "amet adipiscing consectetuer magna ultricies lectus massa malesuada Elasticsearch malesuada magna massa ultricies lectus lectus", "createdAt": 1676492069000}' to topic='twitter-topic'
2023-02-15 20:14:39 [pool-3-thread-1] INFO  c.m.d.t.t.k.s.l.TwitterKafkaStatusListener - Received status text magna sed Maecenas Maecenas Lorem Microservices porttitor posuere porttitor sending to kafka topic twitter-topic
2023-02-15 20:14:39 [pool-3-thread-1] INFO  c.m.d.k.p.c.s.i.TwitterKafkaProducer - Sending message='{"userId": 7091850914926979435, "id": 7377125201604633444, "text": "magna sed Maecenas Maecenas Lorem Microservices porttitor posuere porttitor", "createdAt": 1676492079000}' to topic='twitter-topic'
2023-02-15 13:09:51 [pool-3-thread-1] INFO  c.m.d.t.t.k.s.l.TwitterKafkaStatusListener - Received status text adipiscing amet elit magna adipiscing Kafka porttitor consectetuer massa elit sending to kafka topic twitter-topic
2023-02-15 13:09:51 [pool-3-thread-1] INFO  c.m.d.k.p.c.s.i.TwitterKafkaProducer - Sending message='{"userId": 2845217740842903624, "id": 2498229584542212372, "text": "adipiscing amet elit magna adipiscing Kafka porttitor consectetuer massa elit", "createdAt": 1676466591000}' to topic='twitter-topic'
2023-02-15 13:10:01 [pool-3-thread-1] INFO  c.m.d.t.t.k.s.l.TwitterKafkaStatusListener - Received status text lectus amet amet massa elit sit Lorem Maecenas Java Lorem purus posuere elit sed porttitor sending to kafka topic twitter-topic
2023-02-15 13:10:01 [pool-3-thread-1] INFO  c.m.d.k.p.c.s.i.TwitterKafkaProducer - Sending message='{"userId": 3877142832499825348, "id": 5755196681723720562, "text": "lectus amet amet massa elit sit Lorem Maecenas Java Lorem purus posuere elit sed porttitor", "createdAt": 1676466601000}' to topic='twitter-topic'
2023-02-15 13:10:11 [pool-3-thread-1] INFO  c.m.d.t.t.k.s.l.TwitterKafkaStatusListener - Received status text Lorem ultricies malesuada massa magna libero adipiscing Java sed dolor posuere amet sit sending to kafka topic twitter-topic
2023-02-15 13:10:11 [pool-3-thread-1] INFO  c.m.d.k.p.c.s.i.TwitterKafkaProducer - Sending message='{"userId": 2099212550625777396, "id": 5191351844489486981, "text": "Lorem ultricies malesuada massa magna libero adipiscing Java sed dolor posuere amet sit", "createdAt": 1676466611000}' to topic='twitter-topic'
2023-02-15 13:10:21 [pool-3-thread-1] INFO  c.m.d.t.t.k.s.l.TwitterKafkaStatusListener - Received status text dolor ipsum malesuada malesuada sit Java consectetuer posuere sed lectus sending to kafka topic twitter-topic
2023-02-15 13:10:21 [pool-3-thread-1] INFO  c.m.d.k.p.c.s.i.TwitterKafkaProducer - Sending message='{"userId": 500106193244280253, "id": 2753229260247604008, "text": "dolor ipsum malesuada malesuada sit Java consectetuer posuere sed lectus", "createdAt": 1676466621000}' to topic='twitter-topic'
2023-02-15 13:10:31 [pool-3-thread-1] INFO  c.m.d.t.t.k.s.l.TwitterKafkaStatusListener - Received status text magna congue Maecenas dolor ipsum Microservices massa porttitor Maecenas sending to kafka topic twitter-topic
2023-02-15 13:10:31 [pool-3-thread-1] INFO  c.m.d.k.p.c.s.i.TwitterKafkaProducer - Sending message='{"userId": 5444392228169245844, "id": 6615163941445792984, "text": "magna congue Maecenas dolor ipsum Microservices massa porttitor Maecenas", "createdAt": 1676466631000}' to topic='twitter-topic'
2023-02-15 13:10:41 [pool-3-thread-1] INFO  c.m.d.t.t.k.s.l.TwitterKafkaStatusListener - Received status text elit amet sed adipiscing pulvinar Java porttitor posuere Fusce sending to kafka topic twitter-topic
2023-02-15 13:10:41 [pool-3-thread-1] INFO  c.m.d.k.p.c.s.i.TwitterKafkaProducer - Sending message='{"userId": 2467971666357343598, "id": 3759593572998653086, "text": "elit amet sed adipiscing pulvinar Java porttitor posuere Fusce", "createdAt": 1676466641000}' to topic='twitter-topic'
2023-02-15 13:10:51 [pool-3-thread-1] INFO  c.m.d.t.t.k.s.l.TwitterKafkaStatusListener - Received status text posuere elit purus adipiscing Elasticsearch malesuada Maecenas congue sending to kafka topic twitter-topic
2023-02-15 13:10:51 [pool-3-thread-1] INFO  c.m.d.k.p.c.s.i.TwitterKafkaProducer - Sending message='{"userId": 850004972455499415, "id": 4899276772346441896, "text": "posuere elit purus adipiscing Elasticsearch malesuada Maecenas congue", "createdAt": 1676466651000}' to topic='twitter-topic'
2023-02-15 13:11:01 [pool-3-thread-1] INFO  c.m.d.t.t.k.s.l.TwitterKafkaStatusListener - Received status text porttitor congue amet Kafka posuere posuere sending to kafka topic twitter-topic
2023-02-15 13:11:01 [pool-3-thread-1] INFO  c.m.d.k.p.c.s.i.TwitterKafkaProducer - Sending message='{"userId": 345546526790728667, "id": 4474904918764419340, "text": "porttitor congue amet Kafka posuere posuere", "createdAt": 1676466661000}' to topic='twitter-topic'
2023-02-15 13:11:11 [kafka-producer-network-thread | producer-1] WARN  o.a.k.c.producer.internals.Sender - [Producer clientId=producer-1] Got error produce response with correlation id 708 on topic-partition twitter-topic-1, retrying (4 attempts left). Error: REQUEST_TIMED_OUT
2023-02-15 13:11:11 [pool-3-thread-1] INFO  c.m.d.t.t.k.s.l.TwitterKafkaStatusListener - Received status text posuere Lorem lectus massa amet Lorem Microservices sit magna Fusce sit sending to kafka topic twitter-topic
2023-02-15 13:11:11 [pool-3-thread-1] INFO  c.m.d.k.p.c.s.i.TwitterKafkaProducer - Sending message='{"userId": 7344949866612856146, "id": 8651801391707336914, "text": "posuere Lorem lectus massa amet Lorem Microservices sit magna Fusce sit", "createdAt": 1676466671000}' to topic='twitter-topic'
2023-02-15 13:11:21 [pool-3-thread-1] INFO  c.m.d.t.t.k.s.l.TwitterKafkaStatusListener - Received status text porttitor magna adipiscing ultricies libero Fusce Lorem consectetuer Microservices massa Maecenas pulvinar Fusce massa porttitor elit sending to kafka topic twitter-topic
2023-02-15 13:11:21 [pool-3-thread-1] INFO  c.m.d.k.p.c.s.i.TwitterKafkaProducer - Sending message='{"userId": 3683294386446708631, "id": 980482231538511937, "text": "porttitor magna adipiscing ultricies libero Fusce Lorem consectetuer Microservices massa Maecenas pulvinar Fusce massa porttitor elit", "createdAt": 1676466681000}' to topic='twitter-topic'
2023-02-15 13:11:31 [pool-3-thread-1] INFO  c.m.d.t.t.k.s.l.TwitterKafkaStatusListener - Received status text massa ipsum ultricies magna dolor magna malesuada Kafka consectetuer posuere sed Maecenas ipsum sending to kafka topic twitter-topic
2023-02-15 13:11:31 [pool-3-thread-1] INFO  c.m.d.k.p.c.s.i.TwitterKafkaProducer - Sending message='{"userId": 549793180132480170, "id": 7864557875754724579, "text": "massa ipsum ultricies magna dolor magna malesuada Kafka consectetuer posuere sed Maecenas ipsum", "createdAt": 1676466691000}' to topic='twitter-topic'
2023-02-15 13:11:41 [pool-3-thread-1] INFO  c.m.d.t.t.k.s.l.TwitterKafkaStatusListener - Received status text magna Fusce Fusce lectus Elasticsearch adipiscing sed ultricies sending to kafka topic twitter-topic
2023-02-15 13:11:41 [pool-3-thread-1] INFO  c.m.d.k.p.c.s.i.TwitterKafkaProducer - Sending message='{"userId": 6602497493388924815, "id": 7816418350004642370, "text": "magna Fusce Fusce lectus Elasticsearch adipiscing sed ultricies", "createdAt": 1676466701000}' to topic='twitter-topic'
2023-02-15 13:11:41 [kafka-producer-network-thread | producer-1] WARN  o.a.k.c.producer.internals.Sender - [Producer clientId=producer-1] Got error produce response with correlation id 711 on topic-partition twitter-topic-1, retrying (4 attempts left). Error: NETWORK_EXCEPTION
2023-02-15 13:11:41 [kafka-producer-network-thread | producer-1] WARN  o.a.k.c.producer.internals.Sender - [Producer clientId=producer-1] Received invalid metadata error in produce request on partition twitter-topic-1 due to org.apache.kafka.common.errors.NetworkException: The server disconnected before a response was received.. Going to request metadata update now
2023-02-15 13:11:41 [kafka-producer-network-thread | producer-1] WARN  o.a.k.c.producer.internals.Sender - [Producer clientId=producer-1] Got error produce response with correlation id 712 on topic-partition twitter-topic-1, retrying (4 attempts left). Error: NETWORK_EXCEPTION
2023-02-15 13:11:41 [kafka-producer-network-thread | producer-1] WARN  o.a.k.c.producer.internals.Sender - [Producer clientId=producer-1] Received invalid metadata error in produce request on partition twitter-topic-1 due to org.apache.kafka.common.errors.NetworkException: The server disconnected before a response was received.. Going to request metadata update now
2023-02-15 13:11:41 [kafka-producer-network-thread | producer-1] WARN  o.a.k.c.producer.internals.Sender - [Producer clientId=producer-1] Got error produce response with correlation id 714 on topic-partition twitter-topic-1, retrying (3 attempts left). Error: NETWORK_EXCEPTION
2023-02-15 13:11:41 [kafka-producer-network-thread | producer-1] WARN  o.a.k.c.producer.internals.Sender - [Producer clientId=producer-1] Received invalid metadata error in produce request on partition twitter-topic-1 due to org.apache.kafka.common.errors.NetworkException: The server disconnected before a response was received.. Going to request metadata update now
2023-02-15 13:11:41 [kafka-producer-network-thread | producer-1] WARN  o.a.k.c.producer.internals.Sender - [Producer clientId=producer-1] Got error produce response with correlation id 715 on topic-partition twitter-topic-1, retrying (4 attempts left). Error: NETWORK_EXCEPTION
2023-02-15 13:11:41 [kafka-producer-network-thread | producer-1] WARN  o.a.k.c.producer.internals.Sender - [Producer clientId=producer-1] Received invalid metadata error in produce request on partition twitter-topic-1 due to org.apache.kafka.common.errors.NetworkException: The server disconnected before a response was received.. Going to request metadata update now
2023-02-15 13:11:41 [kafka-producer-network-thread | producer-1] WARN  o.a.k.c.producer.internals.Sender - [Producer clientId=producer-1] Got error produce response with correlation id 716 on topic-partition twitter-topic-1, retrying (4 attempts left). Error: NETWORK_EXCEPTION
2023-02-15 13:11:41 [kafka-producer-network-thread | producer-1] WARN  o.a.k.c.producer.internals.Sender - [Producer clientId=producer-1] Received invalid metadata error in produce request on partition twitter-topic-1 due to org.apache.kafka.common.errors.NetworkException: The server disconnected before a response was received.. Going to request metadata update now
2023-02-15 13:11:51 [pool-3-thread-1] INFO  c.m.d.t.t.k.s.l.TwitterKafkaStatusListener - Received status text lectus magna ipsum elit pulvinar Maecenas adipiscing sed Elasticsearch congue lectus dolor posuere porttitor consectetuer sending to kafka topic twitter-topic
2023-02-15 13:11:51 [pool-3-thread-1] INFO  c.m.d.k.p.c.s.i.TwitterKafkaProducer - Sending message='{"userId": 4359333579024237439, "id": 7531394493252631696, "text": "lectus magna ipsum elit pulvinar Maecenas adipiscing sed Elasticsearch congue lectus dolor posuere porttitor consectetuer", "createdAt": 1676466711000}' to topic='twitter-topic'
2023-02-15 13:12:01 [pool-3-thread-1] INFO  c.m.d.t.t.k.s.l.TwitterKafkaStatusListener - Received status text Maecenas massa lectus adipiscing dolor sit elit posuere Microservices amet posuere ultricies magna magna Fusce lectus sending to kafka topic twitter-topic
2023-02-15 13:12:01 [pool-3-thread-1] INFO  c.m.d.k.p.c.s.i.TwitterKafkaProducer - Sending message='{"userId": 365476511215926884, "id": 2508142411994546105, "text": "Maecenas massa lectus adipiscing dolor sit elit posuere Microservices amet posuere ultricies magna magna Fusce lectus", "createdAt": 1676466721000}' to topic='twitter-topic'
2023-02-15 13:12:11 [pool-3-thread-1] INFO  c.m.d.t.t.k.s.l.TwitterKafkaStatusListener - Received status text consectetuer malesuada sit Maecenas Elasticsearch purus dolor sending to kafka topic twitter-topic
2023-02-15 13:12:11 [pool-3-thread-1] INFO  c.m.d.k.p.c.s.i.TwitterKafkaProducer - Sending message='{"userId": 1330265875916995094, "id": 8910470375282428218, "text": "consectetuer malesuada sit Maecenas Elasticsearch purus dolor", "createdAt": 1676466731000}' to topic='twitter-topic'
2023-02-15 13:12:21 [pool-3-thread-1] INFO  c.m.d.t.t.k.s.l.TwitterKafkaStatusListener - Received status text pulvinar Maecenas ipsum lectus congue magna Java congue pulvinar porttitor dolor sending to kafka topic twitter-topic
2023-02-15 13:12:21 [pool-3-thread-1] INFO  c.m.d.k.p.c.s.i.TwitterKafkaProducer - Sending message='{"userId": 4192041938646756611, "id": 7702713575786890041, "text": "pulvinar Maecenas ipsum lectus congue magna Java congue pulvinar porttitor dolor", "createdAt": 1676466741000}' to topic='twitter-topic'
2023-02-15 13:12:31 [pool-3-thread-1] INFO  c.m.d.t.t.k.s.l.TwitterKafkaStatusListener - Received status text consectetuer Lorem consectetuer Lorem purus Maecenas Lorem Microservices Fusce Fusce ultricies Fusce amet sit sending to kafka topic twitter-topic
2023-02-15 13:12:31 [pool-3-thread-1] INFO  c.m.d.k.p.c.s.i.TwitterKafkaProducer - Sending message='{"userId": 2776436866753669327, "id": 6714028728555837928, "text": "consectetuer Lorem consectetuer Lorem purus Maecenas Lorem Microservices Fusce Fusce ultricies Fusce amet sit", "createdAt": 1676466751000}' to topic='twitter-topic'
2023-02-15 13:12:41 [pool-3-thread-1] INFO  c.m.d.t.t.k.s.l.TwitterKafkaStatusListener - Received status text elit Lorem Lorem posuere malesuada Lorem magna sit Elasticsearch sit Fusce ipsum sit elit consectetuer libero sending to kafka topic twitter-topic
2023-02-15 13:12:41 [pool-3-thread-1] INFO  c.m.d.k.p.c.s.i.TwitterKafkaProducer - Sending message='{"userId": 8488726089388376806, "id": 5850413272501740205, "text": "elit Lorem Lorem posuere malesuada Lorem magna sit Elasticsearch sit Fusce ipsum sit elit consectetuer libero", "createdAt": 1676466761000}' to topic='twitter-topic'
2023-02-15 13:12:41 [kafka-producer-network-thread | producer-1] WARN  o.a.k.c.producer.internals.Sender - [Producer clientId=producer-1] Got error produce response with correlation id 721 on topic-partition twitter-topic-1, retrying (3 attempts left). Error: REQUEST_TIMED_OUT
2023-02-15 13:12:41 [kafka-producer-network-thread | producer-1] WARN  o.a.k.c.producer.internals.Sender - [Producer clientId=producer-1] Got error produce response with correlation id 722 on topic-partition twitter-topic-1, retrying (3 attempts left). Error: NETWORK_EXCEPTION
2023-02-15 13:12:41 [kafka-producer-network-thread | producer-1] WARN  o.a.k.c.producer.internals.Sender - [Producer clientId=producer-1] Received invalid metadata error in produce request on partition twitter-topic-1 due to org.apache.kafka.common.errors.NetworkException: The server disconnected before a response was received.. Going to request metadata update now
2023-02-15 13:12:41 [kafka-producer-network-thread | producer-1] ERROR c.m.d.k.p.c.s.i.TwitterKafkaProducer - Error while sending message {"userId": 2099212550625777396, "id": 5191351844489486981, "text": "Lorem ultricies malesuada massa magna libero adipiscing Java sed dolor posuere amet sit", "createdAt": 1676466611000} to topic twitter-topic
org.springframework.kafka.core.KafkaProducerException: Failed to send; nested exception is org.apache.kafka.common.errors.NetworkException: The server disconnected before a response was received.
	at org.springframework.kafka.core.KafkaTemplate.lambda$buildCallback$4(KafkaTemplate.java:603)
	at org.springframework.kafka.core.DefaultKafkaProducerFactory$CloseSafeProducer$1.onCompletion(DefaultKafkaProducerFactory.java:790)
	at org.apache.kafka.clients.producer.KafkaProducer$InterceptorCallback.onCompletion(KafkaProducer.java:1356)
	at org.apache.kafka.clients.producer.internals.ProducerBatch.completeFutureAndFireCallbacks(ProducerBatch.java:231)
	at org.apache.kafka.clients.producer.internals.ProducerBatch.done(ProducerBatch.java:197)
	at org.apache.kafka.clients.producer.internals.Sender.failBatch(Sender.java:676)
	at org.apache.kafka.clients.producer.internals.Sender.failBatch(Sender.java:662)
	at org.apache.kafka.clients.producer.internals.Sender.completeBatch(Sender.java:620)
	at org.apache.kafka.clients.producer.internals.Sender.handleProduceResponse(Sender.java:539)
	at org.apache.kafka.clients.producer.internals.Sender.access$100(Sender.java:69)
	at org.apache.kafka.clients.producer.internals.Sender$1.onComplete(Sender.java:745)
	at org.apache.kafka.clients.ClientResponse.onComplete(ClientResponse.java:109)
	at org.apache.kafka.clients.NetworkClient.completeResponses(NetworkClient.java:572)
	at org.apache.kafka.clients.NetworkClient.poll(NetworkClient.java:564)
	at org.apache.kafka.clients.producer.internals.Sender.runOnce(Sender.java:324)
	at org.apache.kafka.clients.producer.internals.Sender.run(Sender.java:239)
	at java.base/java.lang.Thread.run(Unknown Source)
Caused by: org.apache.kafka.common.errors.NetworkException: The server disconnected before a response was received.
2023-02-15 13:12:41 [kafka-producer-network-thread | producer-1] ERROR o.s.k.s.LoggingProducerListener - Exception thrown when sending a message with key='2099212550625777396' and payload='{"userId": 2099212550625777396, "id": 5191351844489486981, "text": "Lorem ultricies malesuada massa ...' to topic twitter-topic:
org.apache.kafka.common.errors.NetworkException: The server disconnected before a response was received.
2023-02-15 13:12:41 [kafka-producer-network-thread | producer-1] WARN  o.a.k.c.producer.internals.Sender - [Producer clientId=producer-1] Received invalid metadata error in produce request on partition twitter-topic-1 due to org.apache.kafka.common.errors.NetworkException: The server disconnected before a response was received.. Going to request metadata update now
2023-02-15 13:12:41 [kafka-producer-network-thread | producer-1] WARN  o.a.k.c.producer.internals.Sender - [Producer clientId=producer-1] Got error produce response with correlation id 724 on topic-partition twitter-topic-1, retrying (3 attempts left). Error: NETWORK_EXCEPTION
2023-02-15 13:12:41 [kafka-producer-network-thread | producer-1] WARN  o.a.k.c.producer.internals.Sender - [Producer clientId=producer-1] Received invalid metadata error in produce request on partition twitter-topic-1 due to org.apache.kafka.common.errors.NetworkException: The server disconnected before a response was received.. Going to request metadata update now
2023-02-15 13:12:41 [kafka-producer-network-thread | producer-1] ERROR c.m.d.k.p.c.s.i.TwitterKafkaProducer - Error while sending message {"userId": 2467971666357343598, "id": 3759593572998653086, "text": "elit amet sed adipiscing pulvinar Java porttitor posuere Fusce", "createdAt": 1676466641000} to topic twitter-topic
org.springframework.kafka.core.KafkaProducerException: Failed to send; nested exception is org.apache.kafka.common.errors.NetworkException: The server disconnected before a response was received.
	at org.springframework.kafka.core.KafkaTemplate.lambda$buildCallback$4(KafkaTemplate.java:603)
	at org.springframework.kafka.core.DefaultKafkaProducerFactory$CloseSafeProducer$1.onCompletion(DefaultKafkaProducerFactory.java:790)
	at org.apache.kafka.clients.producer.KafkaProducer$InterceptorCallback.onCompletion(KafkaProducer.java:1356)
	at org.apache.kafka.clients.producer.internals.ProducerBatch.completeFutureAndFireCallbacks(ProducerBatch.java:231)
	at org.apache.kafka.clients.producer.internals.ProducerBatch.done(ProducerBatch.java:197)
	at org.apache.kafka.clients.producer.internals.Sender.failBatch(Sender.java:676)
	at org.apache.kafka.clients.producer.internals.Sender.failBatch(Sender.java:662)
	at org.apache.kafka.clients.producer.internals.Sender.completeBatch(Sender.java:620)
	at org.apache.kafka.clients.producer.internals.Sender.handleProduceResponse(Sender.java:539)
	at org.apache.kafka.clients.producer.internals.Sender.access$100(Sender.java:69)
	at org.apache.kafka.clients.producer.internals.Sender$1.onComplete(Sender.java:745)
	at org.apache.kafka.clients.ClientResponse.onComplete(ClientResponse.java:109)
	at org.apache.kafka.clients.NetworkClient.completeResponses(NetworkClient.java:572)
	at org.apache.kafka.clients.NetworkClient.poll(NetworkClient.java:564)
	at org.apache.kafka.clients.producer.internals.Sender.runOnce(Sender.java:324)
	at org.apache.kafka.clients.producer.internals.Sender.run(Sender.java:239)
	at java.base/java.lang.Thread.run(Unknown Source)
Caused by: org.apache.kafka.common.errors.NetworkException: The server disconnected before a response was received.
2023-02-15 13:12:41 [kafka-producer-network-thread | producer-1] ERROR o.s.k.s.LoggingProducerListener - Exception thrown when sending a message with key='2467971666357343598' and payload='{"userId": 2467971666357343598, "id": 3759593572998653086, "text": "elit amet sed adipiscing pulvina...' to topic twitter-topic:
org.apache.kafka.common.errors.NetworkException: The server disconnected before a response was received.
2023-02-15 13:12:41 [kafka-producer-network-thread | producer-1] WARN  o.a.k.c.producer.internals.Sender - [Producer clientId=producer-1] Received invalid metadata error in produce request on partition twitter-topic-1 due to org.apache.kafka.common.errors.NetworkException: The server disconnected before a response was received.. Going to request metadata update now
2023-02-15 13:12:51 [kafka-producer-network-thread | producer-1] ERROR c.m.d.k.p.c.s.i.TwitterKafkaProducer - Error while sending message {"userId": 850004972455499415, "id": 4899276772346441896, "text": "posuere elit purus adipiscing Elasticsearch malesuada Maecenas congue", "createdAt": 1676466651000} to topic twitter-topic
org.springframework.kafka.core.KafkaProducerException: Failed to send; nested exception is org.apache.kafka.common.errors.TimeoutException: Expiring 1 record(s) for twitter-topic-1:120010 ms has passed since batch creation
	at org.springframework.kafka.core.KafkaTemplate.lambda$buildCallback$4(KafkaTemplate.java:603)
	at org.springframework.kafka.core.DefaultKafkaProducerFactory$CloseSafeProducer$1.onCompletion(DefaultKafkaProducerFactory.java:790)
	at org.apache.kafka.clients.producer.KafkaProducer$InterceptorCallback.onCompletion(KafkaProducer.java:1356)
	at org.apache.kafka.clients.producer.internals.ProducerBatch.completeFutureAndFireCallbacks(ProducerBatch.java:231)
	at org.apache.kafka.clients.producer.internals.ProducerBatch.done(ProducerBatch.java:197)
	at org.apache.kafka.clients.producer.internals.Sender.failBatch(Sender.java:676)
	at org.apache.kafka.clients.producer.internals.Sender.sendProducerData(Sender.java:380)
	at org.apache.kafka.clients.producer.internals.Sender.runOnce(Sender.java:323)
	at org.apache.kafka.clients.producer.internals.Sender.run(Sender.java:239)
	at java.base/java.lang.Thread.run(Unknown Source)
Caused by: org.apache.kafka.common.errors.TimeoutException: Expiring 1 record(s) for twitter-topic-1:120010 ms has passed since batch creation
2023-02-15 13:12:51 [kafka-producer-network-thread | producer-1] ERROR o.s.k.s.LoggingProducerListener - Exception thrown when sending a message with key='850004972455499415' and payload='{"userId": 850004972455499415, "id": 4899276772346441896, "text": "posuere elit purus adipiscing Ela...' to topic twitter-topic:
org.apache.kafka.common.errors.TimeoutException: Expiring 1 record(s) for twitter-topic-1:120010 ms has passed since batch creation
2023-02-15 13:12:51 [pool-3-thread-1] INFO  c.m.d.t.t.k.s.l.TwitterKafkaStatusListener - Received status text Maecenas posuere magna pulvinar Elasticsearch dolor pulvinar sending to kafka topic twitter-topic
2023-02-15 13:12:51 [pool-3-thread-1] INFO  c.m.d.k.p.c.s.i.TwitterKafkaProducer - Sending message='{"userId": 5787818700284330750, "id": 1827866378406406402, "text": "Maecenas posuere magna pulvinar Elasticsearch dolor pulvinar", "createdAt": 1676466771000}' to topic='twitter-topic'
2023-02-15 13:13:01 [pool-3-thread-1] INFO  c.m.d.t.t.k.s.l.TwitterKafkaStatusListener - Received status text massa sit ipsum dolor Microservices Fusce amet sending to kafka topic twitter-topic
2023-02-15 13:13:01 [pool-3-thread-1] INFO  c.m.d.k.p.c.s.i.TwitterKafkaProducer - Sending message='{"userId": 2195393530851977264, "id": 4712765764804361333, "text": "massa sit ipsum dolor Microservices Fusce amet", "createdAt": 1676466781000}' to topic='twitter-topic'
2023-02-15 13:13:11 [kafka-producer-network-thread | producer-1] ERROR c.m.d.k.p.c.s.i.TwitterKafkaProducer - Error while sending message {"userId": 7344949866612856146, "id": 8651801391707336914, "text": "posuere Lorem lectus massa amet Lorem Microservices sit magna Fusce sit", "createdAt": 1676466671000} to topic twitter-topic
org.springframework.kafka.core.KafkaProducerException: Failed to send; nested exception is org.apache.kafka.common.errors.TimeoutException: Expiring 1 record(s) for twitter-topic-1:120003 ms has passed since batch creation
	at org.springframework.kafka.core.KafkaTemplate.lambda$buildCallback$4(KafkaTemplate.java:603)
	at org.springframework.kafka.core.DefaultKafkaProducerFactory$CloseSafeProducer$1.onCompletion(DefaultKafkaProducerFactory.java:790)
	at org.apache.kafka.clients.producer.KafkaProducer$InterceptorCallback.onCompletion(KafkaProducer.java:1356)
	at org.apache.kafka.clients.producer.internals.ProducerBatch.completeFutureAndFireCallbacks(ProducerBatch.java:231)
	at org.apache.kafka.clients.producer.internals.ProducerBatch.done(ProducerBatch.java:197)
	at org.apache.kafka.clients.producer.internals.Sender.failBatch(Sender.java:676)
	at org.apache.kafka.clients.producer.internals.Sender.sendProducerData(Sender.java:380)
	at org.apache.kafka.clients.producer.internals.Sender.runOnce(Sender.java:323)
	at org.apache.kafka.clients.producer.internals.Sender.run(Sender.java:239)
	at java.base/java.lang.Thread.run(Unknown Source)
Caused by: org.apache.kafka.common.errors.TimeoutException: Expiring 1 record(s) for twitter-topic-1:120003 ms has passed since batch creation
2023-02-15 13:13:11 [kafka-producer-network-thread | producer-1] ERROR o.s.k.s.LoggingProducerListener - Exception thrown when sending a message with key='7344949866612856146' and payload='{"userId": 7344949866612856146, "id": 8651801391707336914, "text": "posuere Lorem lectus massa amet ...' to topic twitter-topic:
org.apache.kafka.common.errors.TimeoutException: Expiring 1 record(s) for twitter-topic-1:120003 ms has passed since batch creation
2023-02-15 13:13:11 [pool-3-thread-1] INFO  c.m.d.t.t.k.s.l.TwitterKafkaStatusListener - Received status text Fusce dolor lectus Lorem magna lectus magna pulvinar Elasticsearch lectus sit sed porttitor congue amet Maecenas sending to kafka topic twitter-topic
2023-02-15 13:13:11 [pool-3-thread-1] INFO  c.m.d.k.p.c.s.i.TwitterKafkaProducer - Sending message='{"userId": 7553405368821816378, "id": 7989421101574534496, "text": "Fusce dolor lectus Lorem magna lectus magna pulvinar Elasticsearch lectus sit sed porttitor congue amet Maecenas", "createdAt": 1676466791000}' to topic='twitter-topic'
2023-02-15 13:13:21 [kafka-producer-network-thread | producer-1] ERROR c.m.d.k.p.c.s.i.TwitterKafkaProducer - Error while sending message {"userId": 3683294386446708631, "id": 980482231538511937, "text": "porttitor magna adipiscing ultricies libero Fusce Lorem consectetuer Microservices massa Maecenas pulvinar Fusce massa porttitor elit", "createdAt": 1676466681000} to topic twitter-topic
org.springframework.kafka.core.KafkaProducerException: Failed to send; nested exception is org.apache.kafka.common.errors.TimeoutException: Expiring 1 record(s) for twitter-topic-1:120011 ms has passed since batch creation
	at org.springframework.kafka.core.KafkaTemplate.lambda$buildCallback$4(KafkaTemplate.java:603)
	at org.springframework.kafka.core.DefaultKafkaProducerFactory$CloseSafeProducer$1.onCompletion(DefaultKafkaProducerFactory.java:790)
	at org.apache.kafka.clients.producer.KafkaProducer$InterceptorCallback.onCompletion(KafkaProducer.java:1356)
	at org.apache.kafka.clients.producer.internals.ProducerBatch.completeFutureAndFireCallbacks(ProducerBatch.java:231)
	at org.apache.kafka.clients.producer.internals.ProducerBatch.done(ProducerBatch.java:197)
	at org.apache.kafka.clients.producer.internals.Sender.failBatch(Sender.java:676)
	at org.apache.kafka.clients.producer.internals.Sender.sendProducerData(Sender.java:380)
	at org.apache.kafka.clients.producer.internals.Sender.runOnce(Sender.java:323)
	at org.apache.kafka.clients.producer.internals.Sender.run(Sender.java:239)
	at java.base/java.lang.Thread.run(Unknown Source)
Caused by: org.apache.kafka.common.errors.TimeoutException: Expiring 1 record(s) for twitter-topic-1:120011 ms has passed since batch creation
2023-02-15 13:13:21 [kafka-producer-network-thread | producer-1] ERROR o.s.k.s.LoggingProducerListener - Exception thrown when sending a message with key='3683294386446708631' and payload='{"userId": 3683294386446708631, "id": 980482231538511937, "text": "porttitor magna adipiscing ultric...' to topic twitter-topic:
org.apache.kafka.common.errors.TimeoutException: Expiring 1 record(s) for twitter-topic-1:120011 ms has passed since batch creation
2023-02-15 13:13:21 [pool-3-thread-1] INFO  c.m.d.t.t.k.s.l.TwitterKafkaStatusListener - Received status text sit amet posuere Elasticsearch ultricies Lorem sending to kafka topic twitter-topic
2023-02-15 13:13:21 [pool-3-thread-1] INFO  c.m.d.k.p.c.s.i.TwitterKafkaProducer - Sending message='{"userId": 72941084209324274, "id": 7084249048748858529, "text": "sit amet posuere Elasticsearch ultricies Lorem", "createdAt": 1676466801000}' to topic='twitter-topic'
2023-02-15 13:13:31 [pool-3-thread-1] INFO  c.m.d.t.t.k.s.l.TwitterKafkaStatusListener - Received status text purus elit pulvinar Lorem sit posuere purus Elasticsearch magna malesuada pulvinar lectus elit sending to kafka topic twitter-topic
2023-02-15 13:13:31 [pool-3-thread-1] INFO  c.m.d.k.p.c.s.i.TwitterKafkaProducer - Sending message='{"userId": 1223928603250804124, "id": 6493265617979268923, "text": "purus elit pulvinar Lorem sit posuere purus Elasticsearch magna malesuada pulvinar lectus elit", "createdAt": 1676466811000}' to topic='twitter-topic'
2023-02-15 13:13:41 [pool-3-thread-1] INFO  c.m.d.t.t.k.s.l.TwitterKafkaStatusListener - Received status text libero massa adipiscing ipsum Fusce lectus purus adipiscing Kafka posuere libero massa malesuada massa consectetuer sit sending to kafka topic twitter-topic
2023-02-15 13:13:41 [pool-3-thread-1] INFO  c.m.d.k.p.c.s.i.TwitterKafkaProducer - Sending message='{"userId": 4949784371827975553, "id": 9049762090989404965, "text": "libero massa adipiscing ipsum Fusce lectus purus adipiscing Kafka posuere libero massa malesuada massa consectetuer sit", "createdAt": 1676466821000}' to topic='twitter-topic'
2023-02-15 13:13:42 [kafka-producer-network-thread | producer-1] WARN  o.a.k.c.producer.internals.Sender - [Producer clientId=producer-1] Received invalid metadata error in produce request on partition twitter-topic-1 due to org.apache.kafka.common.errors.NetworkException: The server disconnected before a response was received.. Going to request metadata update now
2023-02-15 13:13:42 [kafka-producer-network-thread | producer-1] WARN  o.a.k.c.producer.internals.Sender - [Producer clientId=producer-1] Received invalid metadata error in produce request on partition twitter-topic-1 due to org.apache.kafka.common.errors.NetworkException: The server disconnected before a response was received.. Going to request metadata update now
2023-02-15 13:13:42 [kafka-producer-network-thread | producer-1] WARN  o.a.k.c.producer.internals.Sender - [Producer clientId=producer-1] Got error produce response with correlation id 740 on topic-partition twitter-topic-1, retrying (4 attempts left). Error: NETWORK_EXCEPTION
2023-02-15 13:13:42 [kafka-producer-network-thread | producer-1] WARN  o.a.k.c.producer.internals.Sender - [Producer clientId=producer-1] Received invalid metadata error in produce request on partition twitter-topic-1 due to org.apache.kafka.common.errors.NetworkException: The server disconnected before a response was received.. Going to request metadata update now
2023-02-15 13:13:42 [kafka-producer-network-thread | producer-1] WARN  o.a.k.c.producer.internals.Sender - [Producer clientId=producer-1] Got error produce response with correlation id 742 on topic-partition twitter-topic-1, retrying (4 attempts left). Error: NETWORK_EXCEPTION
2023-02-15 13:13:42 [kafka-producer-network-thread | producer-1] WARN  o.a.k.c.producer.internals.Sender - [Producer clientId=producer-1] Received invalid metadata error in produce request on partition twitter-topic-1 due to org.apache.kafka.common.errors.NetworkException: The server disconnected before a response was received.. Going to request metadata update now
2023-02-15 13:13:51 [pool-3-thread-1] INFO  c.m.d.t.t.k.s.l.TwitterKafkaStatusListener - Received status text posuere congue congue Maecenas congue Microservices malesuada congue libero pulvinar sending to kafka topic twitter-topic
2023-02-15 13:13:51 [pool-3-thread-1] INFO  c.m.d.k.p.c.s.i.TwitterKafkaProducer - Sending message='{"userId": 8546618657673541004, "id": 8528702622984309834, "text": "posuere congue congue Maecenas congue Microservices malesuada congue libero pulvinar", "createdAt": 1676466831000}' to topic='twitter-topic'
2023-02-15 13:14:01 [pool-3-thread-1] INFO  c.m.d.t.t.k.s.l.TwitterKafkaStatusListener - Received status text lectus posuere congue pulvinar ultricies libero Elasticsearch purus Lorem adipiscing ipsum sending to kafka topic twitter-topic
2023-02-15 13:14:01 [pool-3-thread-1] INFO  c.m.d.k.p.c.s.i.TwitterKafkaProducer - Sending message='{"userId": 4118302163131831221, "id": 6632383299182542651, "text": "lectus posuere congue pulvinar ultricies libero Elasticsearch purus Lorem adipiscing ipsum", "createdAt": 1676466841000}' to topic='twitter-topic'
2023-02-15 13:14:11 [pool-3-thread-1] INFO  c.m.d.t.t.k.s.l.TwitterKafkaStatusListener - Received status text elit magna dolor sed amet Fusce Java porttitor porttitor ipsum Fusce sending to kafka topic twitter-topic
2023-02-15 13:14:11 [pool-3-thread-1] INFO  c.m.d.k.p.c.s.i.TwitterKafkaProducer - Sending message='{"userId": 3410423083278366934, "id": 8004486482330041313, "text": "elit magna dolor sed amet Fusce Java porttitor porttitor ipsum Fusce", "createdAt": 1676466851000}' to topic='twitter-topic'
2023-02-15 13:14:21 [pool-3-thread-1] INFO  c.m.d.t.t.k.s.l.TwitterKafkaStatusListener - Received status text sed dolor dolor consectetuer Maecenas Elasticsearch elit Fusce ultricies sending to kafka topic twitter-topic
2023-02-15 13:14:21 [pool-3-thread-1] INFO  c.m.d.k.p.c.s.i.TwitterKafkaProducer - Sending message='{"userId": 4209175709989636239, "id": 1986098579635613864, "text": "sed dolor dolor consectetuer Maecenas Elasticsearch elit Fusce ultricies", "createdAt": 1676466861000}' to topic='twitter-topic'
2023-02-15 13:14:31 [pool-3-thread-1] INFO  c.m.d.t.t.k.s.l.TwitterKafkaStatusListener - Received status text adipiscing posuere amet sit libero elit Java pulvinar malesuada elit amet posuere sending to kafka topic twitter-topic
2023-02-15 13:14:31 [pool-3-thread-1] INFO  c.m.d.k.p.c.s.i.TwitterKafkaProducer - Sending message='{"userId": 6139203158174132926, "id": 3127755396061653828, "text": "adipiscing posuere amet sit libero elit Java pulvinar malesuada elit amet posuere", "createdAt": 1676466871000}' to topic='twitter-topic'
2023-02-15 13:14:41 [pool-3-thread-1] INFO  c.m.d.t.t.k.s.l.TwitterKafkaStatusListener - Received status text pulvinar pulvinar Maecenas ultricies ultricies Java Lorem massa libero sending to kafka topic twitter-topic
2023-02-15 13:14:41 [pool-3-thread-1] INFO  c.m.d.k.p.c.s.i.TwitterKafkaProducer - Sending message='{"userId": 6138548352753596753, "id": 3346383559013167021, "text": "pulvinar pulvinar Maecenas ultricies ultricies Java Lorem massa libero", "createdAt": 1676466881000}' to topic='twitter-topic'
2023-02-15 13:14:42 [kafka-producer-network-thread | producer-1] WARN  o.a.k.c.producer.internals.Sender - [Producer clientId=producer-1] Got error produce response with correlation id 745 on topic-partition twitter-topic-1, retrying (3 attempts left). Error: REQUEST_TIMED_OUT
2023-02-15 13:14:42 [kafka-producer-network-thread | producer-1] WARN  o.a.k.c.producer.internals.Sender - [Producer clientId=producer-1] Got error produce response with correlation id 746 on topic-partition twitter-topic-1, retrying (3 attempts left). Error: NETWORK_EXCEPTION
2023-02-15 13:14:42 [kafka-producer-network-thread | producer-1] WARN  o.a.k.c.producer.internals.Sender - [Producer clientId=producer-1] Received invalid metadata error in produce request on partition twitter-topic-1 due to org.apache.kafka.common.errors.NetworkException: The server disconnected before a response was received.. Going to request metadata update now
2023-02-15 13:14:42 [kafka-producer-network-thread | producer-1] WARN  o.a.k.c.producer.internals.Sender - [Producer clientId=producer-1] Got error produce response with correlation id 752 on topic-partition twitter-topic-1, retrying (4 attempts left). Error: NETWORK_EXCEPTION
2023-02-15 13:14:42 [kafka-producer-network-thread | producer-1] WARN  o.a.k.c.producer.internals.Sender - [Producer clientId=producer-1] Received invalid metadata error in produce request on partition twitter-topic-1 due to org.apache.kafka.common.errors.NetworkException: The server disconnected before a response was received.. Going to request metadata update now
2023-02-15 13:14:51 [pool-3-thread-1] INFO  c.m.d.t.t.k.s.l.TwitterKafkaStatusListener - Received status text purus posuere sed sit elit sit Elasticsearch posuere magna magna massa elit sending to kafka topic twitter-topic
2023-02-15 13:14:51 [pool-3-thread-1] INFO  c.m.d.k.p.c.s.i.TwitterKafkaProducer - Sending message='{"userId": 5858479332959421707, "id": 5789631040516651406, "text": "purus posuere sed sit elit sit Elasticsearch posuere magna magna massa elit", "createdAt": 1676466891000}' to topic='twitter-topic'
